# JRE version: OpenJDK Runtime Environment (8.0_66-b17) (build 1.8.0_66-internal-b17)
# Java VM: OpenJDK 64-Bit Server VM (25.66-b17 mixed mode linux-amd64 compressed oops)
Heap:
 PSYoungGen      total 188416K, used 20719K [0x00000000eab00000, 0x00000000f9300000, 0x0000000100000000)
  eden space 156672K, 0% used [0x00000000eab00000,0x00000000eab00000,0x00000000f4400000)
  from space 31744K, 65% used [0x00000000f5500000,0x00000000f693be30,0x00000000f7400000)
  to   space 24576K, 0% used [0x00000000f7b00000,0x00000000f7b00000,0x00000000f9300000)
 ParOldGen       total 82432K, used 71808K [0x00000000c0000000, 0x00000000c5080000, 0x00000000eab00000)
  object space 82432K, 87% used [0x00000000c0000000,0x00000000c46203c0,0x00000000c5080000)
 Metaspace       used 6102K, capacity 7216K, committed 7296K, reserved 1056768K
  class space    used 554K, capacity 616K, committed 640K, reserved 1048576K
GC Heap History (10 events):
Event: 14.133 GC heap after
Heap after GC invocations=7 (full 0):
 PSYoungGen      total 68608K, used 8160K [0x00000000eab00000, 0x00000000f3c00000, 0x0000000100000000)
  eden space 60416K, 0% used [0x00000000eab00000,0x00000000eab00000,0x00000000ee600000)
  from space 8192K, 99% used [0x00000000ee600000,0x00000000eedf8010,0x00000000eee00000)
  to   space 13824K, 0% used [0x00000000f2e80000,0x00000000f2e80000,0x00000000f3c00000)
 ParOldGen       total 40960K, used 22539K [0x00000000c0000000, 0x00000000c2800000, 0x00000000eab00000)
  object space 40960K, 55% used [0x00000000c0000000,0x00000000c1602cc0,0x00000000c2800000)
 Metaspace       used 5917K, capacity 7088K, committed 7296K, reserved 1056768K
  class space    used 541K, capacity 616K, committed 640K, reserved 1048576K
}
Event: 16.120 GC heap before
{Heap before GC invocations=8 (full 0):
 PSYoungGen      total 68608K, used 68576K [0x00000000eab00000, 0x00000000f3c00000, 0x0000000100000000)
  eden space 60416K, 100% used [0x00000000eab00000,0x00000000ee600000,0x00000000ee600000)
  from space 8192K, 99% used [0x00000000ee600000,0x00000000eedf8010,0x00000000eee00000)
  to   space 13824K, 0% used [0x00000000f2e80000,0x00000000f2e80000,0x00000000f3c00000)
 ParOldGen       total 40960K, used 22539K [0x00000000c0000000, 0x00000000c2800000, 0x00000000eab00000)
  object space 40960K, 55% used [0x00000000c0000000,0x00000000c1602cc0,0x00000000c2800000)
 Metaspace       used 6029K, capacity 7152K, committed 7296K, reserved 1056768K
  class space    used 549K, capacity 616K, committed 640K, reserved 1048576K
Event: 16.169 GC heap after
Heap after GC invocations=8 (full 0):
 PSYoungGen      total 129024K, used 13793K [0x00000000eab00000, 0x00000000f4700000, 0x0000000100000000)
  eden space 115200K, 0% used [0x00000000eab00000,0x00000000eab00000,0x00000000f1b80000)
  from space 13824K, 99% used [0x00000000f2e80000,0x00000000f3bf8538,0x00000000f3c00000)
  to   space 19456K, 0% used [0x00000000f1b80000,0x00000000f1b80000,0x00000000f2e80000)
 ParOldGen       total 40960K, used 30892K [0x00000000c0000000, 0x00000000c2800000, 0x00000000eab00000)
  object space 40960K, 75% used [0x00000000c0000000,0x00000000c1e2b158,0x00000000c2800000)
 Metaspace       used 6029K, capacity 7152K, committed 7296K, reserved 1056768K
  class space    used 549K, capacity 616K, committed 640K, reserved 1048576K
}
Event: 18.038 GC heap before
{Heap before GC invocations=9 (full 0):
 PSYoungGen      total 129024K, used 128993K [0x00000000eab00000, 0x00000000f4700000, 0x0000000100000000)
  eden space 115200K, 100% used [0x00000000eab00000,0x00000000f1b80000,0x00000000f1b80000)
  from space 13824K, 99% used [0x00000000f2e80000,0x00000000f3bf8538,0x00000000f3c00000)
  to   space 19456K, 0% used [0x00000000f1b80000,0x00000000f1b80000,0x00000000f2e80000)
 ParOldGen       total 40960K, used 30892K [0x00000000c0000000, 0x00000000c2800000, 0x00000000eab00000)
  object space 40960K, 75% used [0x00000000c0000000,0x00000000c1e2b158,0x00000000c2800000)
 Metaspace       used 6068K, capacity 7216K, committed 7296K, reserved 1056768K
  class space    used 553K, capacity 616K, committed 640K, reserved 1048576K
Event: 19.033 GC heap after
Heap after GC invocations=9 (full 0):
 PSYoungGen      total 134656K, used 19442K [0x00000000eab00000, 0x00000000f9700000, 0x0000000100000000)
  eden space 115200K, 0% used [0x00000000eab00000,0x00000000eab00000,0x00000000f1b80000)
  from space 19456K, 99% used [0x00000000f1b80000,0x00000000f2e7c848,0x00000000f2e80000)
  to   space 28672K, 0% used [0x00000000f7b00000,0x00000000f7b00000,0x00000000f9700000)
 ParOldGen       total 47616K, used 46680K [0x00000000c0000000, 0x00000000c2e80000, 0x00000000eab00000)
  object space 47616K, 98% used [0x00000000c0000000,0x00000000c2d96140,0x00000000c2e80000)
 Metaspace       used 6068K, capacity 7216K, committed 7296K, reserved 1056768K
  class space    used 553K, capacity 616K, committed 640K, reserved 1048576K
}
Event: 19.033 GC heap before
{Heap before GC invocations=10 (full 1):
 PSYoungGen      total 134656K, used 19442K [0x00000000eab00000, 0x00000000f9700000, 0x0000000100000000)
  eden space 115200K, 0% used [0x00000000eab00000,0x00000000eab00000,0x00000000f1b80000)
  from space 19456K, 99% used [0x00000000f1b80000,0x00000000f2e7c848,0x00000000f2e80000)
  to   space 28672K, 0% used [0x00000000f7b00000,0x00000000f7b00000,0x00000000f9700000)
 ParOldGen       total 47616K, used 46680K [0x00000000c0000000, 0x00000000c2e80000, 0x00000000eab00000)
  object space 47616K, 98% used [0x00000000c0000000,0x00000000c2d96140,0x00000000c2e80000)
 Metaspace       used 6068K, capacity 7216K, committed 7296K, reserved 1056768K
  class space    used 553K, capacity 616K, committed 640K, reserved 1048576K
Event: 20.139 GC heap after
Heap after GC invocations=10 (full 1):
 PSYoungGen      total 134656K, used 7982K [0x00000000eab00000, 0x00000000f9700000, 0x0000000100000000)
  eden space 115200K, 0% used [0x00000000eab00000,0x00000000eab00000,0x00000000f1b80000)
  from space 19456K, 41% used [0x00000000f1b80000,0x00000000f234bad8,0x00000000f2e80000)
  to   space 28672K, 0% used [0x00000000f7b00000,0x00000000f7b00000,0x00000000f9700000)
 ParOldGen       total 82432K, used 47468K [0x00000000c0000000, 0x00000000c5080000, 0x00000000eab00000)
  object space 82432K, 57% used [0x00000000c0000000,0x00000000c2e5b0e8,0x00000000c5080000)
 Metaspace       used 6068K, capacity 7216K, committed 7296K, reserved 1056768K
  class space    used 553K, capacity 616K, committed 640K, reserved 1048576K
}
Event: 22.449 GC heap before
{Heap before GC invocations=11 (full 1):
 PSYoungGen      total 134656K, used 123182K [0x00000000eab00000, 0x00000000f9700000, 0x0000000100000000)
  eden space 115200K, 100% used [0x00000000eab00000,0x00000000f1b80000,0x00000000f1b80000)
  from space 19456K, 41% used [0x00000000f1b80000,0x00000000f234bad8,0x00000000f2e80000)
  to   space 28672K, 0% used [0x00000000f7b00000,0x00000000f7b00000,0x00000000f9700000)
 ParOldGen       total 82432K, used 47468K [0x00000000c0000000, 0x00000000c5080000, 0x00000000eab00000)
  object space 82432K, 57% used [0x00000000c0000000,0x00000000c2e5b0e8,0x00000000c5080000)
 Metaspace       used 6073K, capacity 7216K, committed 7296K, reserved 1056768K
  class space    used 553K, capacity 616K, committed 640K, reserved 1048576K
Event: 22.509 GC heap after
Heap after GC invocations=11 (full 1):
 PSYoungGen      total 181248K, used 24510K [0x00000000eab00000, 0x00000000f9300000, 0x0000000100000000)
  eden space 156672K, 0% used [0x00000000eab00000,0x00000000eab00000,0x00000000f4400000)
  from space 24576K, 99% used [0x00000000f7b00000,0x00000000f92efb50,0x00000000f9300000)
  to   space 31744K, 0% used [0x00000000f5500000,0x00000000f5500000,0x00000000f7400000)
 ParOldGen       total 82432K, used 49003K [0x00000000c0000000, 0x00000000c5080000, 0x00000000eab00000)
  object space 82432K, 59% used [0x00000000c0000000,0x00000000c2fdae20,0x00000000c5080000)
 Metaspace       used 6073K, capacity 7216K, committed 7296K, reserved 1056768K
  class space    used 553K, capacity 616K, committed 640K, reserved 1048576K
}
Event: 31.717 GC heap before
{Heap before GC invocations=12 (full 1):
 PSYoungGen      total 181248K, used 181182K [0x00000000eab00000, 0x00000000f9300000, 0x0000000100000000)
  eden space 156672K, 100% used [0x00000000eab00000,0x00000000f4400000,0x00000000f4400000)
  from space 24576K, 99% used [0x00000000f7b00000,0x00000000f92efb50,0x00000000f9300000)
  to   space 31744K, 0% used [0x00000000f5500000,0x00000000f5500000,0x00000000f7400000)
 ParOldGen       total 82432K, used 49003K [0x00000000c0000000, 0x00000000c5080000, 0x00000000eab00000)
  object space 82432K, 59% used [0x00000000c0000000,0x00000000c2fdae20,0x00000000c5080000)
 Metaspace       used 6102K, capacity 7216K, committed 7296K, reserved 1056768K
  class space    used 554K, capacity 616K, committed 640K, reserved 1048576K

